0 info it worked if it ends with ok
1 verbose cli [ 'node', '/usr/local/bin/npm', 'install', '-g', 'bower' ]
2 info using npm@2.0.0-beta.0
3 info using node@v0.10.31
4 verbose cache add [ 'bower', null ]
5 verbose cache add spec="bower" args=["bower",null]
6 verbose parsed spec { raw: 'bower',
6 verbose parsed spec   scope: null,
6 verbose parsed spec   name: 'bower',
6 verbose parsed spec   rawSpec: '',
6 verbose parsed spec   spec: '*',
6 verbose parsed spec   type: 'range' }
7 verbose addNamed [ 'bower', '*' ]
8 verbose addNamed [ null, '*' ]
9 silly lockFile b788227f-bower bower@*
10 verbose lock bower@* /Users/saramooradian/.npm/b788227f-bower.lock
11 silly addNameRange { name: 'bower', range: '*', hasData: false }
12 verbose mapToRegistry name bower
13 verbose mapToRegistry uri https://registry.npmjs.org/bower
14 verbose request on initialization, where is /bower
15 verbose request after pass 1, where is /bower
16 verbose request url raw /bower
17 verbose request resolving registry [ 'https://registry.npmjs.org/', './bower' ]
18 verbose request after pass 2, where is https://registry.npmjs.org/bower
19 verbose request no auth needed
20 info retrier registry request attempt 1 at 21:51:12
21 verbose request id f21dddd8b61bb978
22 http request GET https://registry.npmjs.org/bower
23 http 200 https://registry.npmjs.org/bower
24 silly registry.get cb [ 200,
24 silly registry.get   { date: 'Sun, 31 Aug 2014 04:51:05 GMT',
24 silly registry.get     server: 'CouchDB/1.5.0 (Erlang OTP/R16B03)',
24 silly registry.get     etag: '"CJL94FCWINZTCFLAS51CQ6754"',
24 silly registry.get     'content-type': 'application/json',
24 silly registry.get     'cache-control': 'max-age=60',
24 silly registry.get     'content-length': '98685',
24 silly registry.get     'accept-ranges': 'bytes',
24 silly registry.get     via: '1.1 varnish',
24 silly registry.get     age: '1358',
24 silly registry.get     'x-served-by': 'cache-sjc3135-SJC',
24 silly registry.get     'x-cache': 'HIT',
24 silly registry.get     'x-cache-hits': '2',
24 silly registry.get     'x-timer': 'S1409460665.120749,VS0,VE0',
24 silly registry.get     vary: 'Accept',
24 silly registry.get     'keep-alive': 'timeout=10, max=50',
24 silly registry.get     connection: 'Keep-Alive' } ]
25 silly addNameRange number 2 { name: 'bower', range: '*', hasData: true }
26 silly addNameRange versions [ 'bower',
26 silly addNameRange   [ '0.1.0',
26 silly addNameRange     '0.1.2',
26 silly addNameRange     '0.1.3',
26 silly addNameRange     '0.2.0',
26 silly addNameRange     '0.3.0',
26 silly addNameRange     '0.3.1',
26 silly addNameRange     '0.3.2',
26 silly addNameRange     '0.4.0',
26 silly addNameRange     '0.5.0',
26 silly addNameRange     '0.5.1',
26 silly addNameRange     '0.6.0',
26 silly addNameRange     '0.6.1',
26 silly addNameRange     '0.6.2',
26 silly addNameRange     '0.6.3',
26 silly addNameRange     '0.6.4',
26 silly addNameRange     '0.6.5',
26 silly addNameRange     '0.6.6',
26 silly addNameRange     '0.6.7',
26 silly addNameRange     '0.6.8',
26 silly addNameRange     '0.7.0',
26 silly addNameRange     '0.7.1',
26 silly addNameRange     '0.8.0',
26 silly addNameRange     '0.8.1',
26 silly addNameRange     '0.8.2',
26 silly addNameRange     '0.8.3',
26 silly addNameRange     '0.8.4',
26 silly addNameRange     '0.8.5',
26 silly addNameRange     '0.8.6',
26 silly addNameRange     '0.9.0',
26 silly addNameRange     '0.9.1',
26 silly addNameRange     '0.9.2',
26 silly addNameRange     '0.10.0',
26 silly addNameRange     '1.0.0',
26 silly addNameRange     '1.0.1',
26 silly addNameRange     '1.0.2',
26 silly addNameRange     '1.0.3',
26 silly addNameRange     '1.1.0',
26 silly addNameRange     '1.1.1',
26 silly addNameRange     '1.1.2',
26 silly addNameRange     '1.2.0',
26 silly addNameRange     '1.2.1',
26 silly addNameRange     '1.2.2',
26 silly addNameRange     '1.2.3',
26 silly addNameRange     '1.2.4',
26 silly addNameRange     '1.2.5',
26 silly addNameRange     '1.2.6',
26 silly addNameRange     '1.2.7',
26 silly addNameRange     '1.2.8',
26 silly addNameRange     '1.3.0',
26 silly addNameRange     '1.3.1',
26 silly addNameRange     '1.3.2',
26 silly addNameRange     '1.3.3',
26 silly addNameRange     '1.3.4',
26 silly addNameRange     '1.3.5',
26 silly addNameRange     '1.3.6',
26 silly addNameRange     '1.3.7',
26 silly addNameRange     '1.3.8',
26 silly addNameRange     '1.3.9' ] ]
27 verbose addNamed [ 'bower', '1.3.9' ]
28 verbose addNamed [ '1.3.9', '1.3.9' ]
29 silly lockFile 4c0b32f5-bower-1-3-9 bower@1.3.9
30 verbose lock bower@1.3.9 /Users/saramooradian/.npm/4c0b32f5-bower-1-3-9.lock
31 silly lockFile e985d5e5--npmjs-org-bower-bower-1-3-9-tgz https://registry.npmjs.org/bower/-/bower-1.3.9.tgz
32 verbose lock https://registry.npmjs.org/bower/-/bower-1.3.9.tgz /Users/saramooradian/.npm/e985d5e5--npmjs-org-bower-bower-1-3-9-tgz.lock
33 verbose addRemoteTarball [ 'https://registry.npmjs.org/bower/-/bower-1.3.9.tgz',
33 verbose addRemoteTarball   '786d4addfc523e875089ccc1ef8d5a6d6e91a2c6' ]
34 info retry fetch attempt 1 at 21:51:13
35 info retrier registry request attempt 1 at 21:51:13
36 http fetch GET https://registry.npmjs.org/bower/-/bower-1.3.9.tgz
37 http fetch 200 https://registry.npmjs.org/bower/-/bower-1.3.9.tgz
38 silly fetchAndShaCheck shasum 786d4addfc523e875089ccc1ef8d5a6d6e91a2c6
39 silly lockFile e985d5e5--npmjs-org-bower-bower-1-3-9-tgz https://registry.npmjs.org/bower/-/bower-1.3.9.tgz
40 silly lockFile e985d5e5--npmjs-org-bower-bower-1-3-9-tgz https://registry.npmjs.org/bower/-/bower-1.3.9.tgz
41 silly lockFile 4c0b32f5-bower-1-3-9 bower@1.3.9
42 silly lockFile 4c0b32f5-bower-1-3-9 bower@1.3.9
43 silly lockFile b788227f-bower bower@*
44 silly lockFile b788227f-bower bower@*
45 silly resolved [ { name: 'bower',
45 silly resolved     version: '1.3.9',
45 silly resolved     description: 'The browser package manager',
45 silly resolved     author: { name: 'Twitter' },
45 silly resolved     licenses: [ [Object] ],
45 silly resolved     repository: { type: 'git', url: 'git://github.com/bower/bower' },
45 silly resolved     main: 'lib',
45 silly resolved     homepage: 'http://bower.io',
45 silly resolved     engines: { node: '>=0.10.0' },
45 silly resolved     dependencies:
45 silly resolved      { abbrev: '~1.0.4',
45 silly resolved        archy: '0.0.2',
45 silly resolved        'bower-config': '~0.5.2',
45 silly resolved        'bower-endpoint-parser': '~0.2.2',
45 silly resolved        'bower-json': '~0.4.0',
45 silly resolved        'bower-logger': '~0.2.2',
45 silly resolved        'bower-registry-client': '~0.2.0',
45 silly resolved        cardinal: '~0.4.0',
45 silly resolved        chalk: '~0.5.0',
45 silly resolved        chmodr: '~0.1.0',
45 silly resolved        'decompress-zip': '0.0.6',
45 silly resolved        fstream: '~0.1.22',
45 silly resolved        'fstream-ignore': '0.0.6',
45 silly resolved        glob: '~4.0.2',
45 silly resolved        'graceful-fs': '~3.0.1',
45 silly resolved        handlebars: '~1.3.0',
45 silly resolved        inquirer: '~0.5.1',
45 silly resolved        insight: '~0.4.1',
45 silly resolved        'is-root': '~0.1.0',
45 silly resolved        junk: '~0.3.0',
45 silly resolved        lockfile: '~0.4.2',
45 silly resolved        'lru-cache': '~2.5.0',
45 silly resolved        mkdirp: '~0.5.0',
45 silly resolved        mout: '~0.9.1',
45 silly resolved        nopt: '~3.0.0',
45 silly resolved        opn: '~0.1.1',
45 silly resolved        osenv: '~0.1.0',
45 silly resolved        'p-throttler': '0.0.1',
45 silly resolved        promptly: '~0.2.0',
45 silly resolved        q: '~1.0.1',
45 silly resolved        request: '~2.36.0',
45 silly resolved        'request-progress': '~0.3.0',
45 silly resolved        retry: '~0.6.0',
45 silly resolved        rimraf: '~2.2.0',
45 silly resolved        semver: '~2.3.0',
45 silly resolved        'shell-quote': '~1.4.1',
45 silly resolved        'stringify-object': '~0.2.0',
45 silly resolved        tar: '~0.1.17',
45 silly resolved        tmp: '0.0.23',
45 silly resolved        'update-notifier': '~0.2.0',
45 silly resolved        which: '~1.0.5' },
45 silly resolved     devDependencies:
45 silly resolved      { coveralls: '~2.11.0',
45 silly resolved        'expect.js': '~0.3.1',
45 silly resolved        grunt: '~0.4.4',
45 silly resolved        'grunt-contrib-jshint': '~0.10.0',
45 silly resolved        'grunt-contrib-watch': '~0.6.1',
45 silly resolved        'grunt-exec': '~0.4.2',
45 silly resolved        'grunt-simple-mocha': '~0.4.0',
45 silly resolved        istanbul: '~0.2.4',
45 silly resolved        'load-grunt-tasks': '~0.6.0',
45 silly resolved        mocha: '~1.20.1',
45 silly resolved        nock: '~0.41.0',
45 silly resolved        'node-uuid': '~1.4.1',
45 silly resolved        proxyquire: '~1.0.1' },
45 silly resolved     scripts: { test: 'grunt test' },
45 silly resolved     bin: { bower: 'bin/bower' },
45 silly resolved     preferGlobal: true,
45 silly resolved     gitHead: 'a069d1e07d46b81c5a69e391506028f9b076b39d',
45 silly resolved     bugs: { url: 'https://github.com/bower/bower/issues' },
45 silly resolved     _id: 'bower@1.3.9',
45 silly resolved     _shasum: '786d4addfc523e875089ccc1ef8d5a6d6e91a2c6',
45 silly resolved     _from: 'bower@*',
45 silly resolved     _npmVersion: '1.4.14',
45 silly resolved     _npmUser: { name: 'sindresorhus', email: 'sindresorhus@gmail.com' },
45 silly resolved     maintainers: [ [Object], [Object], [Object], [Object], [Object], [Object] ],
45 silly resolved     dist:
45 silly resolved      { shasum: '786d4addfc523e875089ccc1ef8d5a6d6e91a2c6',
45 silly resolved        tarball: 'http://registry.npmjs.org/bower/-/bower-1.3.9.tgz' },
45 silly resolved     directories: {},
45 silly resolved     _resolved: 'https://registry.npmjs.org/bower/-/bower-1.3.9.tgz' } ]
46 info install bower@1.3.9 into /usr/local/lib
47 info installOne bower@1.3.9
48 verbose lib/node_modules/bower unbuild
49 verbose gentlyRm vacuuming /usr/local/lib/node_modules/bower
50 verbose tar unpack /Users/saramooradian/.npm/bower/1.3.9/package.tgz
51 silly lockFile 1396471b-usr-local-lib-node-modules-bower tar:///usr/local/lib/node_modules/bower
52 verbose lock tar:///usr/local/lib/node_modules/bower /Users/saramooradian/.npm/1396471b-usr-local-lib-node-modules-bower.lock
53 silly lockFile e2cce379-dian-npm-bower-1-3-9-package-tgz tar:///Users/saramooradian/.npm/bower/1.3.9/package.tgz
54 verbose lock tar:///Users/saramooradian/.npm/bower/1.3.9/package.tgz /Users/saramooradian/.npm/e2cce379-dian-npm-bower-1-3-9-package-tgz.lock
55 verbose gentlyRm vacuuming /usr/local/lib/node_modules/bower
56 silly gunzTarPerm modes [ '755', '644' ]
57 error Error: EACCES, mkdir '/usr/local/lib/node_modules/bower'
57 error  { [Error: EACCES, mkdir '/usr/local/lib/node_modules/bower']
57 error   errno: 3,
57 error   code: 'EACCES',
57 error   path: '/usr/local/lib/node_modules/bower',
57 error   fstream_type: 'Directory',
57 error   fstream_path: '/usr/local/lib/node_modules/bower',
57 error   fstream_class: 'DirWriter',
57 error   fstream_stack:
57 error    [ '/usr/local/lib/node_modules/npm/node_modules/fstream/lib/dir-writer.js:36:23',
57 error      '/usr/local/lib/node_modules/npm/node_modules/mkdirp/index.js:46:53',
57 error      'Object.oncomplete (fs.js:107:15)' ] }
58 error Please try running this command again as root/Administrator.
59 error System Darwin 12.5.0
60 error command "node" "/usr/local/bin/npm" "install" "-g" "bower"
61 error cwd /Users/saramooradian/rails_projects/Carpool2
62 error node -v v0.10.31
63 error npm -v 2.0.0-beta.0
64 error path /usr/local/lib/node_modules/bower
65 error fstream_path /usr/local/lib/node_modules/bower
66 error fstream_type Directory
67 error fstream_class DirWriter
68 error code EACCES
69 error errno 3
70 error stack Error: EACCES, mkdir '/usr/local/lib/node_modules/bower'
71 error fstream_stack /usr/local/lib/node_modules/npm/node_modules/fstream/lib/dir-writer.js:36:23
71 error fstream_stack /usr/local/lib/node_modules/npm/node_modules/mkdirp/index.js:46:53
71 error fstream_stack Object.oncomplete (fs.js:107:15)
72 verbose exit [ 3, true ]
